<?xml version="1.0" encoding="UTF-8"?>
<testsuite name="com.bridgelabz.MaximumTest" tests="7" skipped="0" failures="0" errors="0" timestamp="2021-06-03T11:41:52" hostname="LAPTOP-DILI6N8Q" time="0.009">
  <properties/>
  <testcase name="givenThreeIntegers_WhenMaximumFoundAtPosition2_ThenReturnMaximum" classname="com.bridgelabz.MaximumTest" time="0.003"/>
  <testcase name="givenThreeFloats_WhenMaximumFoundAtPosition3_ThenReturnMaximum" classname="com.bridgelabz.MaximumTest" time="0.0"/>
  <testcase name="givenValue_NotNull_Value" classname="com.bridgelabz.MaximumTest" time="0.0"/>
  <testcase name="givenThreeIntegers_WhenMaximumFoundAtPosition1_ThenReturnMaximum" classname="com.bridgelabz.MaximumTest" time="0.0"/>
  <testcase name="givenThreeFloats_WhenMaximumFoundAtPosition2_ThenReturnMaximum" classname="com.bridgelabz.MaximumTest" time="0.0"/>
  <testcase name="givenThreeFloats_WhenMaximumFoundAtPosition1_ThenReturnMaximum" classname="com.bridgelabz.MaximumTest" time="0.0"/>
  <testcase name="givenThreeIntegers_WhenMaximumFoundAtPosition3_ThenReturnMaximum" classname="com.bridgelabz.MaximumTest" time="0.0"/>
  <system-out><![CDATA[]]></system-out>
  <system-err><![CDATA[]]></system-err>
</testsuite>
