<?xml version="1.0" encoding="UTF-8"?>
<testsuite name="com.bridgelabz.MaximumTest" tests="2" skipped="0" failures="0" errors="0" timestamp="2021-06-03T10:32:56" hostname="LAPTOP-DILI6N8Q" time="0.002">
  <properties/>
  <testcase name="givenValue_NotNull_Value" classname="com.bridgelabz.MaximumTest" time="0.001"/>
  <testcase name="givenThreeIntegers_WhenMaximumFoundAtPosition1_ThenReturnMaximumSame" classname="com.bridgelabz.MaximumTest" time="0.0"/>
  <system-out><![CDATA[]]></system-out>
  <system-err><![CDATA[]]></system-err>
</testsuite>
